<?xml version="1.0" encoding="UTF-8"?>
<!-- Generated by org.testng.reporters.JUnitXMLReporter -->
<testsuite hostname="DESKTOP-C6RI43K" name="Test" tests="2" failures="0" timestamp="23 Nov 2019 15:22:50 GMT" time="0.03" errors="0">
  <testcase name="@BeforeClass beforeClass" time="0.0" classname="pom.testcases.TC004">
    <failure type="java.lang.NullPointerException">
      <![CDATA[java.lang.NullPointerException
	at utils.Reporter.startTest(Reporter.java:20)
	at wrappers.ProjectWrappers.beforeClass(ProjectWrappers.java:27)
	at java.util.concurrent.ThreadPoolExecutor.runWorker(Unknown Source)
	at java.util.concurrent.ThreadPoolExecutor$Worker.run(Unknown Source)
	at java.lang.Thread.run(Unknown Source)
... Removed 10 stack frames]]>
    </failure>
  </testcase> <!-- @BeforeClass beforeClass -->
  <testcase name="@BeforeMethod irctcSignup" time="0.0" classname="pom.testcases.TC001">
    <skipped/>
  </testcase> <!-- @BeforeMethod irctcSignup -->
  <testcase name="@BeforeMethod irctcSignup" time="0.0" classname="pom.testcases.TC004">
    <skipped/>
  </testcase> <!-- @BeforeMethod irctcSignup -->
  <testcase name="@AfterMethod closeIrctc" time="0.0" classname="pom.testcases.TC004">
    <skipped/>
  </testcase> <!-- @AfterMethod closeIrctc -->
  <testcase name="@AfterMethod closeIrctc" time="0.0" classname="pom.testcases.TC001">
    <skipped/>
  </testcase> <!-- @AfterMethod closeIrctc -->
  <testcase name="@AfterClass afterClass" time="0.0" classname="pom.testcases.TC004">
    <skipped/>
  </testcase> <!-- @AfterClass afterClass -->
  <testcase name="@AfterClass afterClass" time="0.0" classname="pom.testcases.TC001">
    <skipped/>
  </testcase> <!-- @AfterClass afterClass -->
  <testcase name="@AfterTest afterTest" time="0.0" classname="pom.testcases.TC001">
    <skipped/>
  </testcase> <!-- @AfterTest afterTest -->
  <testcase name="tc001" time="0.001" classname="pom.testcases.TC001">
    <skipped/>
  </testcase> <!-- tc001 -->
  <testcase name="tc004" time="0.001" classname="pom.testcases.TC004">
    <skipped/>
  </testcase> <!-- tc004 -->
</testsuite> <!-- Test -->
