<?xml version="1.0" encoding="UTF-8"?>
<testng-results skipped="1" failed="0" total="1" passed="0">
  <reporter-output>
  </reporter-output>
  <suite name="Default suite" duration-ms="15" started-at="2020-02-29T17:11:42Z" finished-at="2020-02-29T17:11:42Z">
    <groups>
      <group name="Functional">
        <method signature="TC004.tc004()[pri:0, instance:pom.testcases.TC004@27c20538]" name="tc004" class="pom.testcases.TC004"/>
      </group> <!-- Functional -->
    </groups>
    <test name="Default test" duration-ms="15" started-at="2020-02-29T17:11:42Z" finished-at="2020-02-29T17:11:42Z">
      <class name="pom.testcases.TC004">
        <test-method status="PASS" signature="beforeSuite()[pri:0, instance:pom.testcases.TC004@27c20538]" name="beforeSuite" is-config="true" duration-ms="270" started-at="2020-02-29T11:11:42Z" finished-at="2020-02-29T11:11:42Z">
          <reporter-output>
          </reporter-output>
        </test-method> <!-- beforeSuite -->
        <test-method status="PASS" signature="beforeTest()[pri:0, instance:pom.testcases.TC004@27c20538]" name="beforeTest" is-config="true" duration-ms="0" started-at="2020-02-29T11:11:42Z" finished-at="2020-02-29T11:11:42Z">
          <reporter-output>
          </reporter-output>
        </test-method> <!-- beforeTest -->
        <test-method status="FAIL" signature="beforeClass()[pri:0, instance:pom.testcases.TC004@27c20538]" name="beforeClass" is-config="true" duration-ms="0" started-at="2020-02-29T11:11:42Z" finished-at="2020-02-29T11:11:42Z">
          <exception class="java.lang.NullPointerException">
            <full-stacktrace>
              <![CDATA[java.lang.NullPointerException
	at utils.Reporter.startTest(Reporter.java:20)
	at wrappers.ProjectWrappers.beforeClass(ProjectWrappers.java:27)
	at sun.reflect.NativeMethodAccessorImpl.invoke0(Native Method)
	at sun.reflect.NativeMethodAccessorImpl.invoke(Unknown Source)
	at sun.reflect.DelegatingMethodAccessorImpl.invoke(Unknown Source)
	at java.lang.reflect.Method.invoke(Unknown Source)
	at org.testng.internal.MethodInvocationHelper.invokeMethod(MethodInvocationHelper.java:100)
	at org.testng.internal.Invoker.invokeConfigurationMethod(Invoker.java:515)
	at org.testng.internal.Invoker.invokeConfigurations(Invoker.java:216)
	at org.testng.internal.Invoker.invokeConfigurations(Invoker.java:143)
	at org.testng.internal.TestMethodWorker.invokeBeforeClassMethods(TestMethodWorker.java:169)
	at org.testng.internal.TestMethodWorker.run(TestMethodWorker.java:108)
	at org.testng.TestRunner.privateRun(TestRunner.java:753)
	at org.testng.TestRunner.run(TestRunner.java:607)
	at org.testng.SuiteRunner.runTest(SuiteRunner.java:368)
	at org.testng.SuiteRunner.runSequentially(SuiteRunner.java:363)
	at org.testng.SuiteRunner.privateRun(SuiteRunner.java:321)
	at org.testng.SuiteRunner.run(SuiteRunner.java:270)
	at org.testng.SuiteRunnerWorker.runSuite(SuiteRunnerWorker.java:52)
	at org.testng.SuiteRunnerWorker.run(SuiteRunnerWorker.java:86)
	at org.testng.TestNG.runSuitesSequentially(TestNG.java:1284)
	at org.testng.TestNG.runSuitesLocally(TestNG.java:1209)
	at org.testng.TestNG.runSuites(TestNG.java:1124)
	at org.testng.TestNG.run(TestNG.java:1096)
	at org.testng.remote.AbstractRemoteTestNG.run(AbstractRemoteTestNG.java:132)
	at org.testng.remote.RemoteTestNG.initAndRun(RemoteTestNG.java:236)
	at org.testng.remote.RemoteTestNG.main(RemoteTestNG.java:81)
]]>
            </full-stacktrace>
          </exception> <!-- java.lang.NullPointerException -->
          <reporter-output>
          </reporter-output>
        </test-method> <!-- beforeClass -->
        <test-method status="SKIP" signature="irctcSignup()[pri:0, instance:pom.testcases.TC004@27c20538]" name="irctcSignup" is-config="true" duration-ms="0" started-at="2020-02-29T11:11:42Z" finished-at="2020-02-29T11:11:42Z">
          <reporter-output>
          </reporter-output>
        </test-method> <!-- irctcSignup -->
        <test-method status="SKIP" signature="afterTest()[pri:0, instance:pom.testcases.TC004@27c20538]" name="afterTest" is-config="true" duration-ms="0" started-at="2020-02-29T11:11:42Z" finished-at="2020-02-29T11:11:42Z">
          <reporter-output>
          </reporter-output>
        </test-method> <!-- afterTest -->
        <test-method status="SKIP" signature="afterClass()[pri:0, instance:pom.testcases.TC004@27c20538]" name="afterClass" is-config="true" duration-ms="0" started-at="2020-02-29T11:11:42Z" finished-at="2020-02-29T11:11:42Z">
          <reporter-output>
          </reporter-output>
        </test-method> <!-- afterClass -->
        <test-method status="SKIP" signature="closeIrctc()[pri:0, instance:pom.testcases.TC004@27c20538]" name="closeIrctc" is-config="true" duration-ms="0" started-at="2020-02-29T11:11:42Z" finished-at="2020-02-29T11:11:42Z">
          <reporter-output>
          </reporter-output>
        </test-method> <!-- closeIrctc -->
        <test-method status="SKIP" signature="tc004()[pri:0, instance:pom.testcases.TC004@27c20538]" name="tc004" duration-ms="0" started-at="2020-02-29T11:11:42Z" finished-at="2020-02-29T11:11:42Z">
          <reporter-output>
          </reporter-output>
        </test-method> <!-- tc004 -->
        <test-method status="SKIP" signature="afterReport()[pri:0, instance:pom.testcases.TC004@27c20538]" name="afterReport" is-config="true" duration-ms="0" started-at="2020-02-29T11:11:42Z" finished-at="2020-02-29T11:11:42Z">
          <reporter-output>
          </reporter-output>
        </test-method> <!-- afterReport -->
      </class> <!-- pom.testcases.TC004 -->
    </test> <!-- Default test -->
  </suite> <!-- Default suite -->
</testng-results>
